<?xml version="1.0" encoding="UTF-8"?>
<!-- Generated by org.testng.reporters.JUnitReportReporter -->
<testsuite hostname="G46CLW152ITS753" failures="0" tests="1" name="restAPI.PutRequest" time="1.304" errors="0" timestamp="25 Feb 2023 15:42:39 GMT" skipped="0">
  <testcase classname="restAPI.PutRequest" name="test1" time="1.304"/>
</testsuite> <!-- restAPI.PutRequest -->
