<?xml version="1.0" encoding="UTF-8"?>
<!-- Generated by org.testng.reporters.JUnitReportReporter -->
<testsuite hostname="G46CLW152ITS753" failures="0" tests="1" name="apiChaining.EndToEndTest" time="1.663" errors="0" timestamp="04 Mar 2023 16:34:10 GMT" skipped="0">
  <testcase classname="apiChaining.EndToEndTest" name="test1" time="1.663"/>
</testsuite> <!-- apiChaining.EndToEndTest -->
