<?xml version="1.0" encoding="UTF-8"?>
<!-- Generated by org.testng.reporters.JUnitReportReporter -->
<testsuite hostname="G46CLW152ITS753" failures="0" tests="1" name="restBDD.PostRequestBDD" time="1.832" errors="0" timestamp="26 Feb 2023 15:36:07 GMT" skipped="0">
  <testcase classname="restBDD.PostRequestBDD" name="test1" time="1.832"/>
</testsuite> <!-- restBDD.PostRequestBDD -->
