<?xml version="1.0" encoding="UTF-8"?>
<!-- Generated by org.testng.reporters.JUnitReportReporter -->
<testsuite hostname="G46CLW152ITS753" failures="0" tests="1" name="restAPI.PostRequest" time="1.376" errors="0" timestamp="25 Feb 2023 14:22:59 GMT" skipped="0">
  <testcase classname="restAPI.PostRequest" name="test1" time="1.376"/>
</testsuite> <!-- restAPI.PostRequest -->
