<?xml version="1.0" encoding="UTF-8"?>
<!-- Generated by org.testng.reporters.JUnitReportReporter -->
<testsuite hostname="G46CLW152ITS753" failures="0" tests="1" name="apiChaining.EndToEndTest" time="1.658" errors="0" timestamp="25 Feb 2023 17:44:27 GMT" skipped="0">
  <testcase classname="apiChaining.EndToEndTest" name="test1" time="1.658"/>
</testsuite> <!-- apiChaining.EndToEndTest -->
