<?xml version="1.0" encoding="UTF-8"?>
<!-- Generated by org.testng.reporters.JUnitReportReporter -->
<testsuite hostname="G46CLW152ITS753" failures="0" tests="1" name="restAPIXML.XMLTest" time="3.786" errors="0" timestamp="01 Mar 2023 15:27:12 GMT" skipped="0">
  <testcase classname="restAPIXML.XMLTest" name="test2" time="3.786"/>
</testsuite> <!-- restAPIXML.XMLTest -->
