<?xml version="1.0" encoding="UTF-8"?>
<!-- Generated by org.testng.reporters.JUnitReportReporter -->
<testsuite hostname="G46CLW152ITS753" failures="0" tests="2" name="gitHub.EndToEndTest" time="2.809" errors="0" timestamp="25 Feb 2023 18:38:20 GMT" skipped="0">
  <testcase classname="gitHub.EndToEndTest" name="test1" time="1.637"/>
  <testcase classname="gitHub.EndToEndTest" name="test2" time="1.172"/>
</testsuite> <!-- gitHub.EndToEndTest -->
