<?xml version="1.0" encoding="UTF-8"?>
<!-- Generated by org.testng.reporters.JUnitReportReporter -->
<testsuite hostname="G46CLW152ITS753" failures="0" tests="1" name="restAPI.GetRequest" time="1.099" errors="0" timestamp="25 Feb 2023 17:02:46 GMT" skipped="0">
  <testcase classname="restAPI.GetRequest" name="test1" time="1.099"/>
</testsuite> <!-- restAPI.GetRequest -->
