<?xml version="1.0" encoding="UTF-8"?>
<!-- Generated by org.testng.reporters.JUnitReportReporter -->
<testsuite hostname="G46CLW152ITS753" failures="0" tests="1" name="restAPI.PostRequestWithMap" time="1.683" errors="0" timestamp="25 Feb 2023 14:44:54 GMT" skipped="0">
  <testcase classname="restAPI.PostRequestWithMap" name="test1" time="1.683"/>
</testsuite> <!-- restAPI.PostRequestWithMap -->
