<?xml version="1.0" encoding="UTF-8"?>
<!-- Generated by org.testng.reporters.JUnitReportReporter -->
<testsuite hostname="G46CLW152ITS753" failures="0" tests="3" name="restBDD.GetRequestBDD" time="1.589" errors="0" timestamp="26 Feb 2023 15:14:43 GMT" skipped="0">
  <testcase classname="restBDD.GetRequestBDD" name="test2" time="0.488"/>
  <testcase classname="restBDD.GetRequestBDD" name="test3" time="0.065"/>
  <testcase classname="restBDD.GetRequestBDD" name="test1" time="1.036"/>
</testsuite> <!-- restBDD.GetRequestBDD -->
