<?xml version="1.0" encoding="UTF-8"?>
<!-- Generated by org.testng.reporters.JUnitReportReporter -->
<testsuite hostname="G46CLW152ITS753" failures="0" tests="1" name="apiChaining.newPhase3Project" time="2.125" errors="0" timestamp="04 Mar 2023 17:58:48 GMT" skipped="0">
  <testcase classname="apiChaining.newPhase3Project" name="test1" time="2.125"/>
</testsuite> <!-- apiChaining.newPhase3Project -->
