<?xml version="1.0" encoding="UTF-8"?>
<!-- Generated by org.testng.reporters.JUnitReportReporter -->
<testsuite hostname="G46CLW152ITS753" failures="0" tests="1" name="restAPI.GetRequestWithParams" time="1.362" errors="0" timestamp="25 Feb 2023 03:16:32 GMT" skipped="0">
  <testcase classname="restAPI.GetRequestWithParams" name="test1" time="1.362"/>
</testsuite> <!-- restAPI.GetRequestWithParams -->
