<?xml version="1.0" encoding="UTF-8"?>
<!-- Generated by org.testng.reporters.JUnitReportReporter -->
<testsuite hostname="G46CLW152ITS753" failures="0" tests="1" name="phase3ProjectwithAWS.newPhase3Project" time="2.133" errors="0" timestamp="04 Mar 2023 18:40:37 GMT" skipped="0">
  <testcase classname="phase3ProjectwithAWS.newPhase3Project" name="test1" time="2.133"/>
</testsuite> <!-- phase3ProjectwithAWS.newPhase3Project -->
