<?xml version="1.0" encoding="UTF-8"?>
<!-- Generated by org.testng.reporters.JUnitReportReporter -->
<testsuite hostname="G46CLW152ITS753" failures="0" tests="1" name="restBDD.DeleteBDD" time="1.069" errors="0" timestamp="26 Feb 2023 16:17:12 GMT" skipped="0">
  <testcase classname="restBDD.DeleteBDD" name="test1" time="1.069"/>
</testsuite> <!-- restBDD.DeleteBDD -->
