<?xml version="1.0" encoding="UTF-8"?>
<!-- Generated by org.testng.reporters.JUnitReportReporter -->
<testsuite hostname="G46CLW152ITS753" failures="0" tests="1" name="restAPI.PostRequestWithJsonObject" time="1.399" errors="0" timestamp="25 Feb 2023 14:37:20 GMT" skipped="0">
  <testcase classname="restAPI.PostRequestWithJsonObject" name="test1" time="1.399"/>
</testsuite> <!-- restAPI.PostRequestWithJsonObject -->
